<?xml version="1.0" encoding="UTF-8"?>
<testsuites>
  <testsuite name="Puml Test Suite" tests="28" assertions="37" failures="0" errors="0" time="0.080503">
    <testsuite name="Puml\Test\AnalyserTest" file="/Users/danny/NetBeansProjects/puml/tests/Puml/Test/AnalyserTest.php" namespace="Puml\Test" fullPackage="Puml.Test" tests="4" assertions="5" failures="0" errors="0" time="0.008816">
      <testcase name="testGetObjectName" class="Puml\Test\AnalyserTest" file="/Users/danny/NetBeansProjects/puml/tests/Puml/Test/AnalyserTest.php" line="35" assertions="2" time="0.005435"/>
      <testcase name="testSetObjectName" class="Puml\Test\AnalyserTest" file="/Users/danny/NetBeansProjects/puml/tests/Puml/Test/AnalyserTest.php" line="44" assertions="1" time="0.001184"/>
      <testcase name="testGetObject" class="Puml\Test\AnalyserTest" file="/Users/danny/NetBeansProjects/puml/tests/Puml/Test/AnalyserTest.php" line="54" assertions="1" time="0.001322"/>
      <testcase name="testCreate" class="Puml\Test\AnalyserTest" file="/Users/danny/NetBeansProjects/puml/tests/Puml/Test/AnalyserTest.php" line="64" assertions="1" time="0.000875"/>
    </testsuite>
    <testsuite name="Puml\Test\Model\MethodParameterTest" file="/Users/danny/NetBeansProjects/puml/tests/Puml/Test/Model/MethodParameterTest.php" namespace="Puml\Test\Model" fullPackage="Puml.Test.Model" tests="4" assertions="4" failures="0" errors="0" time="0.003857">
      <testcase name="testGetName" class="Puml\Test\Model\MethodParameterTest" file="/Users/danny/NetBeansProjects/puml/tests/Puml/Test/Model/MethodParameterTest.php" line="34" assertions="1" time="0.001496"/>
      <testcase name="testSetName" class="Puml\Test\Model\MethodParameterTest" file="/Users/danny/NetBeansProjects/puml/tests/Puml/Test/Model/MethodParameterTest.php" line="43" assertions="1" time="0.000809"/>
      <testcase name="testGetType" class="Puml\Test\Model\MethodParameterTest" file="/Users/danny/NetBeansProjects/puml/tests/Puml/Test/Model/MethodParameterTest.php" line="53" assertions="1" time="0.000795"/>
      <testcase name="testSetType" class="Puml\Test\Model\MethodParameterTest" file="/Users/danny/NetBeansProjects/puml/tests/Puml/Test/Model/MethodParameterTest.php" line="62" assertions="1" time="0.000757"/>
    </testsuite>
    <testsuite name="Puml\Test\Model\MethodTest" file="/Users/danny/NetBeansProjects/puml/tests/Puml/Test/Model/MethodTest.php" namespace="Puml\Test\Model" fullPackage="Puml.Test.Model" tests="3" assertions="5" failures="0" errors="0" time="0.014701">
      <testcase name="testAddParameter" class="Puml\Test\Model\MethodTest" file="/Users/danny/NetBeansProjects/puml/tests/Puml/Test/Model/MethodTest.php" line="34" assertions="1" time="0.009640"/>
      <testcase name="testGetParameters" class="Puml\Test\Model\MethodTest" file="/Users/danny/NetBeansProjects/puml/tests/Puml/Test/Model/MethodTest.php" line="45" assertions="2" time="0.002640"/>
      <testcase name="testHasParameters" class="Puml\Test\Model\MethodTest" file="/Users/danny/NetBeansProjects/puml/tests/Puml/Test/Model/MethodTest.php" line="62" assertions="2" time="0.002421"/>
    </testsuite>
    <testsuite name="Puml\Test\Model\ObjectItemTest" file="/Users/danny/NetBeansProjects/puml/tests/Puml/Test/Model/ObjectItemTest.php" namespace="Puml\Test\Model" fullPackage="Puml.Test.Model" tests="6" assertions="9" failures="0" errors="0" time="0.018818">
      <testcase name="testGetVisibility" class="Puml\Test\Model\ObjectItemTest" file="/Users/danny/NetBeansProjects/puml/tests/Puml/Test/Model/ObjectItemTest.php" line="34" assertions="2" time="0.009767"/>
      <testcase name="testSetVisibility" class="Puml\Test\Model\ObjectItemTest" file="/Users/danny/NetBeansProjects/puml/tests/Puml/Test/Model/ObjectItemTest.php" line="49" assertions="1" time="0.001583"/>
      <testcase name="testGetName" class="Puml\Test\Model\ObjectItemTest" file="/Users/danny/NetBeansProjects/puml/tests/Puml/Test/Model/ObjectItemTest.php" line="59" assertions="2" time="0.002132"/>
      <testcase name="testSetName" class="Puml\Test\Model\ObjectItemTest" file="/Users/danny/NetBeansProjects/puml/tests/Puml/Test/Model/ObjectItemTest.php" line="68" assertions="1" time="0.001453"/>
      <testcase name="testGetType" class="Puml\Test\Model\ObjectItemTest" file="/Users/danny/NetBeansProjects/puml/tests/Puml/Test/Model/ObjectItemTest.php" line="79" assertions="2" time="0.002193"/>
      <testcase name="testSetType" class="Puml\Test\Model\ObjectItemTest" file="/Users/danny/NetBeansProjects/puml/tests/Puml/Test/Model/ObjectItemTest.php" line="89" assertions="1" time="0.001690"/>
    </testsuite>
    <testsuite name="Puml\Test\Model\ObjectTest" file="/Users/danny/NetBeansProjects/puml/tests/Puml/Test/Model/ObjectTest.php" namespace="Puml\Test\Model" fullPackage="Puml.Test.Model" tests="11" assertions="14" failures="0" errors="0" time="0.034311">
      <testcase name="testHasParent" class="Puml\Test\Model\ObjectTest" file="/Users/danny/NetBeansProjects/puml/tests/Puml/Test/Model/ObjectTest.php" line="34" assertions="2" time="0.008292"/>
      <testcase name="testGetParent" class="Puml\Test\Model\ObjectTest" file="/Users/danny/NetBeansProjects/puml/tests/Puml/Test/Model/ObjectTest.php" line="43" assertions="1" time="0.001371"/>
      <testcase name="testSetParent" class="Puml\Test\Model\ObjectTest" file="/Users/danny/NetBeansProjects/puml/tests/Puml/Test/Model/ObjectTest.php" line="55" assertions="1" time="0.001334"/>
      <testcase name="testSetName" class="Puml\Test\Model\ObjectTest" file="/Users/danny/NetBeansProjects/puml/tests/Puml/Test/Model/ObjectTest.php" line="66" assertions="1" time="0.000781"/>
      <testcase name="testGetName" class="Puml\Test\Model\ObjectTest" file="/Users/danny/NetBeansProjects/puml/tests/Puml/Test/Model/ObjectTest.php" line="76" assertions="1" time="0.000894"/>
      <testcase name="testAddProperty" class="Puml\Test\Model\ObjectTest" file="/Users/danny/NetBeansProjects/puml/tests/Puml/Test/Model/ObjectTest.php" line="85" assertions="1" time="0.005824"/>
      <testcase name="testRemoveProperty" class="Puml\Test\Model\ObjectTest" file="/Users/danny/NetBeansProjects/puml/tests/Puml/Test/Model/ObjectTest.php" line="96" assertions="1" time="0.002377"/>
      <testcase name="testHasProperty" class="Puml\Test\Model\ObjectTest" file="/Users/danny/NetBeansProjects/puml/tests/Puml/Test/Model/ObjectTest.php" line="107" assertions="2" time="0.002408"/>
      <testcase name="testAddMethod" class="Puml\Test\Model\ObjectTest" file="/Users/danny/NetBeansProjects/puml/tests/Puml/Test/Model/ObjectTest.php" line="136" assertions="1" time="0.007364"/>
      <testcase name="testRemoveMethod" class="Puml\Test\Model\ObjectTest" file="/Users/danny/NetBeansProjects/puml/tests/Puml/Test/Model/ObjectTest.php" line="147" assertions="1" time="0.001591"/>
      <testcase name="testHasMethod" class="Puml\Test\Model\ObjectTest" file="/Users/danny/NetBeansProjects/puml/tests/Puml/Test/Model/ObjectTest.php" line="158" assertions="2" time="0.002075"/>
    </testsuite>
  </testsuite>
</testsuites>
